#
# A fatal error has been detected by the Java Runtime Environment:
#
#  SIGSEGV (0xb) at pc=0x00007f2c50240401, pid=19682, tid=19703
#
# JRE version: OpenJDK Runtime Environment (11.0.9.1+1) (build 11.0.9.1+1-Ubuntu-0ubuntu1.18.04)
# Java VM: OpenJDK 64-Bit Server VM (11.0.9.1+1-Ubuntu-0ubuntu1.18.04, mixed mode, sharing, tiered, compressed oops, g1 gc, linux-amd64)
# Problematic frame:
# C  [libjimage.so+0x2401]
#
# No core dump will be written. Core dumps have been disabled. To enable core dumping, try "ulimit -c unlimited" before starting Java again
#
# If you would like to submit a bug report, please visit:
#   https://bugs.launchpad.net/ubuntu/+source/openjdk-lts
#

---------------  S U M M A R Y ------------

Command Line: -agentlib:jdwp=transport=dt_socket,suspend=y,address=localhost:39497 -javaagent:/home/alex/eclipse/eclipse/configuration/org.eclipse.osgi/628/0/.cp/lib/javaagent-shaded.jar -Dfile.encoding=UTF-8 --module-path=/home/alex/eclipse-workspace/wifi-zigbee-channel-assigner/james-core-1.3-20170621.113059-20.jar Main

Host: Intel(R) Core(TM) i7-8550U CPU @ 1.80GHz, 8 cores, 15G, elementary OS 5.1.7 Hera
Time: Thu Feb 11 15:35:05 2021 -03 elapsed time: 59618.684884 seconds (0d 16h 33m 38s)

---------------  T H R E A D  ---------------

Current thread (0x00007f2c4c240000):  JavaThread "Signal Dispatcher" daemon [_thread_in_vm, id=19703, stack(0x00007f2c3007e000,0x00007f2c3017f000)